<?xml version="1.0" encoding="UTF-8"?>
<!-- Generated by org.testng.reporters.JUnitXMLReporter -->
<testsuite ignored="0" hostname="QT-INBG-LT0837" failures="0" tests="4" name="Default test" time="0.08" errors="0" timestamp="2022-07-28T11:17:54 IST">
  <testcase classname="Pallavi.Selenium.ParameterizationDemo" name="catchable" time="0.014"/>
  <testcase classname="Pallavi.Selenium.ParameterizationDemo" name="implementation" time="0.001"/>
  <testcase classname="Pallavi.Selenium.ParameterizationDemo" name="orientation" time="0.001"/>
  <testcase classname="Pallavi.Selenium.ParameterizationDemo" name="result" time="0.002"/>
</testsuite> <!-- Default test -->
