<?xml version="1.0" encoding="UTF-8"?>
<testng-results ignored="0" total="4" passed="4" failed="0" skipped="0">
  <reporter-output>
  </reporter-output>
  <suite started-at="2022-07-28T11:17:54 IST" name="Default suite" finished-at="2022-07-28T11:17:54 IST" duration-ms="80">
    <groups>
    </groups>
    <test started-at="2022-07-28T11:17:54 IST" name="Default test" finished-at="2022-07-28T11:17:54 IST" duration-ms="80">
      <class name="Pallavi.Selenium.ParameterizationDemo">
        <test-method signature="catchable()[pri:0, instance:Pallavi.Selenium.ParameterizationDemo@51e69659]" started-at="2022-07-28T11:17:54 IST" name="catchable" finished-at="2022-07-28T11:17:54 IST" duration-ms="14" status="PASS">
          <reporter-output>
          </reporter-output>
        </test-method> <!-- catchable -->
        <test-method signature="implementation()[pri:0, instance:Pallavi.Selenium.ParameterizationDemo@51e69659]" started-at="2022-07-28T11:17:54 IST" name="implementation" finished-at="2022-07-28T11:17:54 IST" duration-ms="1" status="PASS">
          <reporter-output>
          </reporter-output>
        </test-method> <!-- implementation -->
        <test-method signature="orientation()[pri:0, instance:Pallavi.Selenium.ParameterizationDemo@51e69659]" started-at="2022-07-28T11:17:54 IST" name="orientation" finished-at="2022-07-28T11:17:54 IST" duration-ms="1" status="PASS">
          <reporter-output>
          </reporter-output>
        </test-method> <!-- orientation -->
        <test-method signature="result()[pri:3, instance:Pallavi.Selenium.ParameterizationDemo@51e69659]" started-at="2022-07-28T11:17:54 IST" name="result" finished-at="2022-07-28T11:17:54 IST" duration-ms="2" status="PASS">
          <reporter-output>
          </reporter-output>
        </test-method> <!-- result -->
      </class> <!-- Pallavi.Selenium.ParameterizationDemo -->
    </test> <!-- Default test -->
  </suite> <!-- Default suite -->
</testng-results>
